make --dry-run --keep-going --print-directory
make: Entering directory '/home/user/work/open-train'
echo build/cli.o
arm-none-eabi-gcc -c -mcpu=cortex-m3 -mthumb   -DUSE_HAL_DRIVER -DSTM32F103x6 -ICore/Inc -IDrivers/STM32F1xx_HAL_Driver/Inc -IDrivers/STM32F1xx_HAL_Driver/Inc/Legacy -IDrivers/CMSIS/Device/ST/STM32F1xx/Include -IDrivers/CMSIS/Include -Og -Wall -fdata-sections -ffunction-sections -g -gdwarf-2 -MMD -MP -MF"build/cli.d" -Wa,-a,-ad,-alms=build/cli.lst Core/Src/cli.c -o build/cli.o
echo build/common.o
arm-none-eabi-gcc -c -mcpu=cortex-m3 -mthumb   -DUSE_HAL_DRIVER -DSTM32F103x6 -ICore/Inc -IDrivers/STM32F1xx_HAL_Driver/Inc -IDrivers/STM32F1xx_HAL_Driver/Inc/Legacy -IDrivers/CMSIS/Device/ST/STM32F1xx/Include -IDrivers/CMSIS/Include -Og -Wall -fdata-sections -ffunction-sections -g -gdwarf-2 -MMD -MP -MF"build/common.d" -Wa,-a,-ad,-alms=build/common.lst Core/Src/common.c -o build/common.o
echo build/motor.o
arm-none-eabi-gcc -c -mcpu=cortex-m3 -mthumb   -DUSE_HAL_DRIVER -DSTM32F103x6 -ICore/Inc -IDrivers/STM32F1xx_HAL_Driver/Inc -IDrivers/STM32F1xx_HAL_Driver/Inc/Legacy -IDrivers/CMSIS/Device/ST/STM32F1xx/Include -IDrivers/CMSIS/Include -Og -Wall -fdata-sections -ffunction-sections -g -gdwarf-2 -MMD -MP -MF"build/motor.d" -Wa,-a,-ad,-alms=build/motor.lst Core/Src/motor.c -o build/motor.o
echo build/main.o
arm-none-eabi-gcc -c -mcpu=cortex-m3 -mthumb   -DUSE_HAL_DRIVER -DSTM32F103x6 -ICore/Inc -IDrivers/STM32F1xx_HAL_Driver/Inc -IDrivers/STM32F1xx_HAL_Driver/Inc/Legacy -IDrivers/CMSIS/Device/ST/STM32F1xx/Include -IDrivers/CMSIS/Include -Og -Wall -fdata-sections -ffunction-sections -g -gdwarf-2 -MMD -MP -MF"build/main.d" -Wa,-a,-ad,-alms=build/main.lst Core/Src/main.c -o build/main.o
echo build/gpio.o
arm-none-eabi-gcc -c -mcpu=cortex-m3 -mthumb   -DUSE_HAL_DRIVER -DSTM32F103x6 -ICore/Inc -IDrivers/STM32F1xx_HAL_Driver/Inc -IDrivers/STM32F1xx_HAL_Driver/Inc/Legacy -IDrivers/CMSIS/Device/ST/STM32F1xx/Include -IDrivers/CMSIS/Include -Og -Wall -fdata-sections -ffunction-sections -g -gdwarf-2 -MMD -MP -MF"build/gpio.d" -Wa,-a,-ad,-alms=build/gpio.lst Core/Src/gpio.c -o build/gpio.o
echo build/rtc.o
arm-none-eabi-gcc -c -mcpu=cortex-m3 -mthumb   -DUSE_HAL_DRIVER -DSTM32F103x6 -ICore/Inc -IDrivers/STM32F1xx_HAL_Driver/Inc -IDrivers/STM32F1xx_HAL_Driver/Inc/Legacy -IDrivers/CMSIS/Device/ST/STM32F1xx/Include -IDrivers/CMSIS/Include -Og -Wall -fdata-sections -ffunction-sections -g -gdwarf-2 -MMD -MP -MF"build/rtc.d" -Wa,-a,-ad,-alms=build/rtc.lst Core/Src/rtc.c -o build/rtc.o
echo build/tim.o
arm-none-eabi-gcc -c -mcpu=cortex-m3 -mthumb   -DUSE_HAL_DRIVER -DSTM32F103x6 -ICore/Inc -IDrivers/STM32F1xx_HAL_Driver/Inc -IDrivers/STM32F1xx_HAL_Driver/Inc/Legacy -IDrivers/CMSIS/Device/ST/STM32F1xx/Include -IDrivers/CMSIS/Include -Og -Wall -fdata-sections -ffunction-sections -g -gdwarf-2 -MMD -MP -MF"build/tim.d" -Wa,-a,-ad,-alms=build/tim.lst Core/Src/tim.c -o build/tim.o
echo build/usart.o
arm-none-eabi-gcc -c -mcpu=cortex-m3 -mthumb   -DUSE_HAL_DRIVER -DSTM32F103x6 -ICore/Inc -IDrivers/STM32F1xx_HAL_Driver/Inc -IDrivers/STM32F1xx_HAL_Driver/Inc/Legacy -IDrivers/CMSIS/Device/ST/STM32F1xx/Include -IDrivers/CMSIS/Include -Og -Wall -fdata-sections -ffunction-sections -g -gdwarf-2 -MMD -MP -MF"build/usart.d" -Wa,-a,-ad,-alms=build/usart.lst Core/Src/usart.c -o build/usart.o
echo build/stm32f1xx_it.o
arm-none-eabi-gcc -c -mcpu=cortex-m3 -mthumb   -DUSE_HAL_DRIVER -DSTM32F103x6 -ICore/Inc -IDrivers/STM32F1xx_HAL_Driver/Inc -IDrivers/STM32F1xx_HAL_Driver/Inc/Legacy -IDrivers/CMSIS/Device/ST/STM32F1xx/Include -IDrivers/CMSIS/Include -Og -Wall -fdata-sections -ffunction-sections -g -gdwarf-2 -MMD -MP -MF"build/stm32f1xx_it.d" -Wa,-a,-ad,-alms=build/stm32f1xx_it.lst Core/Src/stm32f1xx_it.c -o build/stm32f1xx_it.o
 
echo build/stm32f1xx_hal_msp.o
arm-none-eabi-gcc -c -mcpu=cortex-m3 -mthumb   -DUSE_HAL_DRIVER -DSTM32F103x6 -ICore/Inc -IDrivers/STM32F1xx_HAL_Driver/Inc -IDrivers/STM32F1xx_HAL_Driver/Inc/Legacy -IDrivers/CMSIS/Device/ST/STM32F1xx/Include -IDrivers/CMSIS/Include -Og -Wall -fdata-sections -ffunction-sections -g -gdwarf-2 -MMD -MP -MF"build/stm32f1xx_hal_msp.d" -Wa,-a,-ad,-alms=build/stm32f1xx_hal_msp.lst Core/Src/stm32f1xx_hal_msp.c -o build/stm32f1xx_hal_msp.o
echo build/stm32f1xx_hal_gpio_ex.o
arm-none-eabi-gcc -c -mcpu=cortex-m3 -mthumb   -DUSE_HAL_DRIVER -DSTM32F103x6 -ICore/Inc -IDrivers/STM32F1xx_HAL_Driver/Inc -IDrivers/STM32F1xx_HAL_Driver/Inc/Legacy -IDrivers/CMSIS/Device/ST/STM32F1xx/Include -IDrivers/CMSIS/Include -Og -Wall -fdata-sections -ffunction-sections -g -gdwarf-2 -MMD -MP -MF"build/stm32f1xx_hal_gpio_ex.d" -Wa,-a,-ad,-alms=build/stm32f1xx_hal_gpio_ex.lst Drivers/STM32F1xx_HAL_Driver/Src/stm32f1xx_hal_gpio_ex.c -o build/stm32f1xx_hal_gpio_ex.o
echo build/stm32f1xx_hal_rtc.o
arm-none-eabi-gcc -c -mcpu=cortex-m3 -mthumb   -DUSE_HAL_DRIVER -DSTM32F103x6 -ICore/Inc -IDrivers/STM32F1xx_HAL_Driver/Inc -IDrivers/STM32F1xx_HAL_Driver/Inc/Legacy -IDrivers/CMSIS/Device/ST/STM32F1xx/Include -IDrivers/CMSIS/Include -Og -Wall -fdata-sections -ffunction-sections -g -gdwarf-2 -MMD -MP -MF"build/stm32f1xx_hal_rtc.d" -Wa,-a,-ad,-alms=build/stm32f1xx_hal_rtc.lst Drivers/STM32F1xx_HAL_Driver/Src/stm32f1xx_hal_rtc.c -o build/stm32f1xx_hal_rtc.o
echo build/stm32f1xx_hal_rtc_ex.o
arm-none-eabi-gcc -c -mcpu=cortex-m3 -mthumb   -DUSE_HAL_DRIVER -DSTM32F103x6 -ICore/Inc -IDrivers/STM32F1xx_HAL_Driver/Inc -IDrivers/STM32F1xx_HAL_Driver/Inc/Legacy -IDrivers/CMSIS/Device/ST/STM32F1xx/Include -IDrivers/CMSIS/Include -Og -Wall -fdata-sections -ffunction-sections -g -gdwarf-2 -MMD -MP -MF"build/stm32f1xx_hal_rtc_ex.d" -Wa,-a,-ad,-alms=build/stm32f1xx_hal_rtc_ex.lst Drivers/STM32F1xx_HAL_Driver/Src/stm32f1xx_hal_rtc_ex.c -o build/stm32f1xx_hal_rtc_ex.o
echo build/stm32f1xx_hal.o
arm-none-eabi-gcc -c -mcpu=cortex-m3 -mthumb   -DUSE_HAL_DRIVER -DSTM32F103x6 -ICore/Inc -IDrivers/STM32F1xx_HAL_Driver/Inc -IDrivers/STM32F1xx_HAL_Driver/Inc/Legacy -IDrivers/CMSIS/Device/ST/STM32F1xx/Include -IDrivers/CMSIS/Include -Og -Wall -fdata-sections -ffunction-sections -g -gdwarf-2 -MMD -MP -MF"build/stm32f1xx_hal.d" -Wa,-a,-ad,-alms=build/stm32f1xx_hal.lst Drivers/STM32F1xx_HAL_Driver/Src/stm32f1xx_hal.c -o build/stm32f1xx_hal.o
echo build/stm32f1xx_hal_rcc.o
arm-none-eabi-gcc -c -mcpu=cortex-m3 -mthumb   -DUSE_HAL_DRIVER -DSTM32F103x6 -ICore/Inc -IDrivers/STM32F1xx_HAL_Driver/Inc -IDrivers/STM32F1xx_HAL_Driver/Inc/Legacy -IDrivers/CMSIS/Device/ST/STM32F1xx/Include -IDrivers/CMSIS/Include -Og -Wall -fdata-sections -ffunction-sections -g -gdwarf-2 -MMD -MP -MF"build/stm32f1xx_hal_rcc.d" -Wa,-a,-ad,-alms=build/stm32f1xx_hal_rcc.lst Drivers/STM32F1xx_HAL_Driver/Src/stm32f1xx_hal_rcc.c -o build/stm32f1xx_hal_rcc.o
echo build/stm32f1xx_hal_rcc_ex.o
arm-none-eabi-gcc -c -mcpu=cortex-m3 -mthumb   -DUSE_HAL_DRIVER -DSTM32F103x6 -ICore/Inc -IDrivers/STM32F1xx_HAL_Driver/Inc -IDrivers/STM32F1xx_HAL_Driver/Inc/Legacy -IDrivers/CMSIS/Device/ST/STM32F1xx/Include -IDrivers/CMSIS/Include -Og -Wall -fdata-sections -ffunction-sections -g -gdwarf-2 -MMD -MP -MF"build/stm32f1xx_hal_rcc_ex.d" -Wa,-a,-ad,-alms=build/stm32f1xx_hal_rcc_ex.lst Drivers/STM32F1xx_HAL_Driver/Src/stm32f1xx_hal_rcc_ex.c -o build/stm32f1xx_hal_rcc_ex.o
 
echo build/stm32f1xx_hal_gpio.o
arm-none-eabi-gcc -c -mcpu=cortex-m3 -mthumb   -DUSE_HAL_DRIVER -DSTM32F103x6 -ICore/Inc -IDrivers/STM32F1xx_HAL_Driver/Inc -IDrivers/STM32F1xx_HAL_Driver/Inc/Legacy -IDrivers/CMSIS/Device/ST/STM32F1xx/Include -IDrivers/CMSIS/Include -Og -Wall -fdata-sections -ffunction-sections -g -gdwarf-2 -MMD -MP -MF"build/stm32f1xx_hal_gpio.d" -Wa,-a,-ad,-alms=build/stm32f1xx_hal_gpio.lst Drivers/STM32F1xx_HAL_Driver/Src/stm32f1xx_hal_gpio.c -o build/stm32f1xx_hal_gpio.o
echo build/stm32f1xx_hal_dma.o
arm-none-eabi-gcc -c -mcpu=cortex-m3 -mthumb   -DUSE_HAL_DRIVER -DSTM32F103x6 -ICore/Inc -IDrivers/STM32F1xx_HAL_Driver/Inc -IDrivers/STM32F1xx_HAL_Driver/Inc/Legacy -IDrivers/CMSIS/Device/ST/STM32F1xx/Include -IDrivers/CMSIS/Include -Og -Wall -fdata-sections -ffunction-sections -g -gdwarf-2 -MMD -MP -MF"build/stm32f1xx_hal_dma.d" -Wa,-a,-ad,-alms=build/stm32f1xx_hal_dma.lst Drivers/STM32F1xx_HAL_Driver/Src/stm32f1xx_hal_dma.c -o build/stm32f1xx_hal_dma.o
 
echo build/stm32f1xx_hal_cortex.o
arm-none-eabi-gcc -c -mcpu=cortex-m3 -mthumb   -DUSE_HAL_DRIVER -DSTM32F103x6 -ICore/Inc -IDrivers/STM32F1xx_HAL_Driver/Inc -IDrivers/STM32F1xx_HAL_Driver/Inc/Legacy -IDrivers/CMSIS/Device/ST/STM32F1xx/Include -IDrivers/CMSIS/Include -Og -Wall -fdata-sections -ffunction-sections -g -gdwarf-2 -MMD -MP -MF"build/stm32f1xx_hal_cortex.d" -Wa,-a,-ad,-alms=build/stm32f1xx_hal_cortex.lst Drivers/STM32F1xx_HAL_Driver/Src/stm32f1xx_hal_cortex.c -o build/stm32f1xx_hal_cortex.o
 
echo build/stm32f1xx_hal_pwr.o
arm-none-eabi-gcc -c -mcpu=cortex-m3 -mthumb   -DUSE_HAL_DRIVER -DSTM32F103x6 -ICore/Inc -IDrivers/STM32F1xx_HAL_Driver/Inc -IDrivers/STM32F1xx_HAL_Driver/Inc/Legacy -IDrivers/CMSIS/Device/ST/STM32F1xx/Include -IDrivers/CMSIS/Include -Og -Wall -fdata-sections -ffunction-sections -g -gdwarf-2 -MMD -MP -MF"build/stm32f1xx_hal_pwr.d" -Wa,-a,-ad,-alms=build/stm32f1xx_hal_pwr.lst Drivers/STM32F1xx_HAL_Driver/Src/stm32f1xx_hal_pwr.c -o build/stm32f1xx_hal_pwr.o
 
echo build/stm32f1xx_hal_flash.o
 
arm-none-eabi-gcc -c -mcpu=cortex-m3 -mthumb   -DUSE_HAL_DRIVER -DSTM32F103x6 -ICore/Inc -IDrivers/STM32F1xx_HAL_Driver/Inc -IDrivers/STM32F1xx_HAL_Driver/Inc/Legacy -IDrivers/CMSIS/Device/ST/STM32F1xx/Include -IDrivers/CMSIS/Include -Og -Wall -fdata-sections -ffunction-sections -g -gdwarf-2 -MMD -MP -MF"build/stm32f1xx_hal_flash.d" -Wa,-a,-ad,-alms=build/stm32f1xx_hal_flash.lst Drivers/STM32F1xx_HAL_Driver/Src/stm32f1xx_hal_flash.c -o build/stm32f1xx_hal_flash.o
 
echo build/stm32f1xx_hal_flash_ex.o
arm-none-eabi-gcc -c -mcpu=cortex-m3 -mthumb   -DUSE_HAL_DRIVER -DSTM32F103x6 -ICore/Inc -IDrivers/STM32F1xx_HAL_Driver/Inc -IDrivers/STM32F1xx_HAL_Driver/Inc/Legacy -IDrivers/CMSIS/Device/ST/STM32F1xx/Include -IDrivers/CMSIS/Include -Og -Wall -fdata-sections -ffunction-sections -g -gdwarf-2 -MMD -MP -MF"build/stm32f1xx_hal_flash_ex.d" -Wa,-a,-ad,-alms=build/stm32f1xx_hal_flash_ex.lst Drivers/STM32F1xx_HAL_Driver/Src/stm32f1xx_hal_flash_ex.c -o build/stm32f1xx_hal_flash_ex.o
 
echo build/stm32f1xx_hal_exti.o
 
arm-none-eabi-gcc -c -mcpu=cortex-m3 -mthumb   -DUSE_HAL_DRIVER -DSTM32F103x6 -ICore/Inc -IDrivers/STM32F1xx_HAL_Driver/Inc -IDrivers/STM32F1xx_HAL_Driver/Inc/Legacy -IDrivers/CMSIS/Device/ST/STM32F1xx/Include -IDrivers/CMSIS/Include -Og -Wall -fdata-sections -ffunction-sections -g -gdwarf-2 -MMD -MP -MF"build/stm32f1xx_hal_exti.d" -Wa,-a,-ad,-alms=build/stm32f1xx_hal_exti.lst Drivers/STM32F1xx_HAL_Driver/Src/stm32f1xx_hal_exti.c -o build/stm32f1xx_hal_exti.o
echo build/stm32f1xx_hal_tim.o
arm-none-eabi-gcc -c -mcpu=cortex-m3 -mthumb   -DUSE_HAL_DRIVER -DSTM32F103x6 -ICore/Inc -IDrivers/STM32F1xx_HAL_Driver/Inc -IDrivers/STM32F1xx_HAL_Driver/Inc/Legacy -IDrivers/CMSIS/Device/ST/STM32F1xx/Include -IDrivers/CMSIS/Include -Og -Wall -fdata-sections -ffunction-sections -g -gdwarf-2 -MMD -MP -MF"build/stm32f1xx_hal_tim.d" -Wa,-a,-ad,-alms=build/stm32f1xx_hal_tim.lst Drivers/STM32F1xx_HAL_Driver/Src/stm32f1xx_hal_tim.c -o build/stm32f1xx_hal_tim.o
 
echo build/stm32f1xx_hal_tim_ex.o
arm-none-eabi-gcc -c -mcpu=cortex-m3 -mthumb   -DUSE_HAL_DRIVER -DSTM32F103x6 -ICore/Inc -IDrivers/STM32F1xx_HAL_Driver/Inc -IDrivers/STM32F1xx_HAL_Driver/Inc/Legacy -IDrivers/CMSIS/Device/ST/STM32F1xx/Include -IDrivers/CMSIS/Include -Og -Wall -fdata-sections -ffunction-sections -g -gdwarf-2 -MMD -MP -MF"build/stm32f1xx_hal_tim_ex.d" -Wa,-a,-ad,-alms=build/stm32f1xx_hal_tim_ex.lst Drivers/STM32F1xx_HAL_Driver/Src/stm32f1xx_hal_tim_ex.c -o build/stm32f1xx_hal_tim_ex.o
echo build/stm32f1xx_hal_uart.o
arm-none-eabi-gcc -c -mcpu=cortex-m3 -mthumb   -DUSE_HAL_DRIVER -DSTM32F103x6 -ICore/Inc -IDrivers/STM32F1xx_HAL_Driver/Inc -IDrivers/STM32F1xx_HAL_Driver/Inc/Legacy -IDrivers/CMSIS/Device/ST/STM32F1xx/Include -IDrivers/CMSIS/Include -Og -Wall -fdata-sections -ffunction-sections -g -gdwarf-2 -MMD -MP -MF"build/stm32f1xx_hal_uart.d" -Wa,-a,-ad,-alms=build/stm32f1xx_hal_uart.lst Drivers/STM32F1xx_HAL_Driver/Src/stm32f1xx_hal_uart.c -o build/stm32f1xx_hal_uart.o
 
echo build/system_stm32f1xx.o
arm-none-eabi-gcc -c -mcpu=cortex-m3 -mthumb   -DUSE_HAL_DRIVER -DSTM32F103x6 -ICore/Inc -IDrivers/STM32F1xx_HAL_Driver/Inc -IDrivers/STM32F1xx_HAL_Driver/Inc/Legacy -IDrivers/CMSIS/Device/ST/STM32F1xx/Include -IDrivers/CMSIS/Include -Og -Wall -fdata-sections -ffunction-sections -g -gdwarf-2 -MMD -MP -MF"build/system_stm32f1xx.d" -Wa,-a,-ad,-alms=build/system_stm32f1xx.lst Core/Src/system_stm32f1xx.c -o build/system_stm32f1xx.o
echo build/startup_stm32f103x6.o
arm-none-eabi-gcc -x assembler-with-cpp -c -mcpu=cortex-m3 -mthumb   -DUSE_HAL_DRIVER -DSTM32F103x6 -ICore/Inc -IDrivers/STM32F1xx_HAL_Driver/Inc -IDrivers/STM32F1xx_HAL_Driver/Inc/Legacy -IDrivers/CMSIS/Device/ST/STM32F1xx/Include -IDrivers/CMSIS/Include -Og -Wall -fdata-sections -ffunction-sections -g -gdwarf-2 -MMD -MP -MF"build/startup_stm32f103x6.d" startup_stm32f103x6.s -o build/startup_stm32f103x6.o
arm-none-eabi-gcc build/cli.o build/common.o build/motor.o build/main.o build/gpio.o build/rtc.o build/tim.o build/usart.o build/stm32f1xx_it.o build/stm32f1xx_hal_msp.o build/stm32f1xx_hal_gpio_ex.o build/stm32f1xx_hal_rtc.o build/stm32f1xx_hal_rtc_ex.o build/stm32f1xx_hal.o build/stm32f1xx_hal_rcc.o build/stm32f1xx_hal_rcc_ex.o build/stm32f1xx_hal_gpio.o build/stm32f1xx_hal_dma.o build/stm32f1xx_hal_cortex.o build/stm32f1xx_hal_pwr.o build/stm32f1xx_hal_flash.o build/stm32f1xx_hal_flash_ex.o build/stm32f1xx_hal_exti.o build/stm32f1xx_hal_tim.o build/stm32f1xx_hal_tim_ex.o build/stm32f1xx_hal_uart.o build/system_stm32f1xx.o build/startup_stm32f103x6.o -mcpu=cortex-m3 -mthumb   -specs=nano.specs -TSTM32F103C6Tx_FLASH.ld  -lc -lm -lnosys  -Wl,-Map=build/train.map,--cref -Wl,--gc-sections -Wl,--print-memory-usage -o build/train.elf
arm-none-eabi-size build/train.elf
arm-none-eabi-objcopy -O ihex build/train.elf build/train.hex
arm-none-eabi-objcopy -O binary -S build/train.elf build/train.bin	
 
make: Leaving directory '/home/user/work/open-train'
 
